2018-10-23T04:00:26Z: Downloaded data to archive/projects_ecosys_2018-10-23T04:00:26Z.json
2018-10-23T04:00:26Z: Downloaded data to archive/projects_cpan6_2018-10-23T04:00:26Z.json
2018-10-23T04:00:27Z: Add <projects_cpan6_2018-10-21T20:01:11Z.json> to projectsfile as duplicate
2018-10-23T04:00:27Z: Add <projects_ecosys_2018-10-21T20:01:10Z.json> to projectsfile as duplicate
2018-10-23T04:00:42Z: Data for 2018-09-20 added to cited
2018-10-23T04:00:42Z: Add <projects_ecosys_2018-09-20T20:01:16Z.json> to projectsfile as valid
2018-10-23T04:00:42Z: Add <projects_cpan6_2018-09-20T20:01:14Z.json> to projectsfile as valid
2018-10-23T04:00:57Z: Data for 2018-09-23 added to cited
2018-10-23T04:00:57Z: Add <projects_ecosys_2018-09-23T20:01:12Z.json> to projectsfile as valid
2018-10-23T04:00:57Z: Add <projects_cpan6_2018-09-23T20:01:10Z.json> to projectsfile as valid
2018-10-23T04:00:58Z: Tarjan strongly connected components found:
	cycle: Foo::Dependencies::A-on-B, Foo::Dependencies::B-on-A
2018-10-23T04:01:13Z: Data for 2018-09-24 added to cited
2018-10-23T04:01:13Z: Add <projects_ecosys_2018-09-24T20:01:12Z.json> to projectsfile as valid
2018-10-23T04:01:13Z: Add <projects_cpan6_2018-09-24T20:01:13Z.json> to projectsfile as valid
2018-10-23T04:01:14Z: Tarjan strongly connected components found:
	cycle: Foo::Dependencies::A-on-B, Foo::Dependencies::B-on-A
2018-10-23T04:01:28Z: Data for 2018-09-25 added to cited
2018-10-23T04:01:28Z: Add <projects_ecosys_2018-09-25T20:01:12Z.json> to projectsfile as valid
2018-10-23T04:01:28Z: Add <projects_cpan6_2018-09-25T20:01:09Z.json> to projectsfile as valid
2018-10-23T04:01:29Z: Tarjan strongly connected components found:
	cycle: Foo::Dependencies::A-on-B, Foo::Dependencies::B-on-A
2018-10-23T04:01:44Z: Data for 2018-09-26 added to cited
2018-10-23T04:01:44Z: Add <projects_ecosys_2018-09-26T20:01:12Z.json> to projectsfile as valid
2018-10-23T04:01:44Z: Add <projects_cpan6_2018-09-26T20:01:10Z.json> to projectsfile as valid
2018-10-23T04:01:45Z: Tarjan strongly connected components found:
	cycle: Foo::Dependencies::A-on-B, Foo::Dependencies::B-on-A
2018-10-23T04:01:59Z: Data for 2018-09-27 added to cited
2018-10-23T04:01:59Z: Add <projects_ecosys_2018-09-27T20:01:11Z.json> to projectsfile as valid
2018-10-23T04:01:59Z: Add <projects_cpan6_2018-09-27T20:01:09Z.json> to projectsfile as valid
2018-10-23T04:02:00Z: Tarjan strongly connected components found:
	cycle: Foo::Dependencies::A-on-B, Foo::Dependencies::B-on-A
2018-10-23T04:02:15Z: Data for 2018-09-29 added to cited
2018-10-23T04:02:15Z: Add <projects_ecosys_2018-09-29T20:01:16Z.json> to projectsfile as valid
2018-10-23T04:02:15Z: Add <projects_cpan6_2018-09-29T20:01:13Z.json> to projectsfile as valid
2018-10-23T04:02:16Z: Tarjan strongly connected components found:
	cycle: Foo::Dependencies::A-on-B, Foo::Dependencies::B-on-A
2018-10-23T04:02:30Z: Data for 2018-09-30 added to cited
2018-10-23T04:02:30Z: Add <projects_ecosys_2018-09-30T20:01:11Z.json> to projectsfile as valid
2018-10-23T04:02:30Z: Add <projects_cpan6_2018-09-30T20:01:09Z.json> to projectsfile as valid
2018-10-23T04:02:31Z: Tarjan strongly connected components found:
	cycle: Foo::Dependencies::A-on-B, Foo::Dependencies::B-on-A
2018-10-23T04:02:45Z: Data for 2018-10-01 added to cited
2018-10-23T04:02:45Z: Add <projects_ecosys_2018-10-01T20:01:10Z.json> to projectsfile as valid
2018-10-23T04:02:45Z: Add <projects_cpan6_2018-10-01T20:01:11Z.json> to projectsfile as valid
2018-10-23T04:02:47Z: Tarjan strongly connected components found:
	cycle: Foo::Dependencies::A-on-B, Foo::Dependencies::B-on-A
2018-10-23T04:03:01Z: Data for 2018-10-02 added to cited
2018-10-23T04:03:01Z: Add <projects_ecosys_2018-10-02T20:01:11Z.json> to projectsfile as valid
2018-10-23T04:03:01Z: Add <projects_cpan6_2018-10-02T20:01:09Z.json> to projectsfile as valid
2018-10-23T04:03:02Z: Tarjan strongly connected components found:
	cycle: Foo::Dependencies::A-on-B, Foo::Dependencies::B-on-A
2018-10-23T04:03:16Z: Data for 2018-10-03 added to cited
2018-10-23T04:03:16Z: Add <projects_ecosys_2018-10-03T20:01:22Z.json> to projectsfile as valid
2018-10-23T04:03:16Z: Add <projects_cpan6_2018-10-03T20:01:24Z.json> to projectsfile as valid
2018-10-23T04:03:18Z: Tarjan strongly connected components found:
	cycle: Foo::Dependencies::A-on-B, Foo::Dependencies::B-on-A
2018-10-23T04:03:32Z: Data for 2018-10-04 added to cited
2018-10-23T04:03:32Z: Add <projects_ecosys_2018-10-04T20:01:13Z.json> to projectsfile as valid
2018-10-23T04:03:32Z: Add <projects_cpan6_2018-10-04T20:01:11Z.json> to projectsfile as valid
2018-10-23T04:03:33Z: Tarjan strongly connected components found:
	cycle: Foo::Dependencies::A-on-B, Foo::Dependencies::B-on-A
2018-10-23T04:03:47Z: Data for 2018-10-05 added to cited
2018-10-23T04:03:47Z: Add <projects_ecosys_2018-10-05T20:01:10Z.json> to projectsfile as valid
2018-10-23T04:03:47Z: Add <projects_cpan6_2018-10-05T20:01:11Z.json> to projectsfile as valid
2018-10-23T04:03:48Z: Tarjan strongly connected components found:
	cycle: Foo::Dependencies::A-on-B, Foo::Dependencies::B-on-A
2018-10-23T04:04:02Z: Data for 2018-10-06 added to cited
2018-10-23T04:04:02Z: Add <projects_ecosys_2018-10-06T20:01:12Z.json> to projectsfile as valid
2018-10-23T04:04:02Z: Add <projects_cpan6_2018-10-06T20:01:10Z.json> to projectsfile as valid
2018-10-23T04:04:03Z: Tarjan strongly connected components found:
	cycle: Foo::Dependencies::A-on-B, Foo::Dependencies::B-on-A
2018-10-23T04:04:18Z: Data for 2018-10-07 added to cited
2018-10-23T04:04:18Z: Add <projects_ecosys_2018-10-07T20:01:10Z.json> to projectsfile as valid
2018-10-23T04:04:18Z: Add <projects_cpan6_2018-10-07T20:01:12Z.json> to projectsfile as valid
2018-10-23T04:04:19Z: Tarjan strongly connected components found:
	cycle: Foo::Dependencies::A-on-B, Foo::Dependencies::B-on-A
2018-10-23T04:04:33Z: Data for 2018-10-08 added to cited
2018-10-23T04:04:33Z: Add <projects_ecosys_2018-10-08T20:01:10Z.json> to projectsfile as valid
2018-10-23T04:04:33Z: Add <projects_cpan6_2018-10-08T20:01:11Z.json> to projectsfile as valid
2018-10-23T04:04:34Z: Tarjan strongly connected components found:
	cycle: Foo::Dependencies::A-on-B, Foo::Dependencies::B-on-A
2018-10-23T04:04:49Z: Data for 2018-10-09 added to cited
2018-10-23T04:04:49Z: Add <projects_ecosys_2018-10-09T20:01:16Z.json> to projectsfile as valid
2018-10-23T04:04:49Z: Add <projects_cpan6_2018-10-09T20:01:14Z.json> to projectsfile as valid
2018-10-23T04:04:50Z: Tarjan strongly connected components found:
	cycle: Foo::Dependencies::A-on-B, Foo::Dependencies::B-on-A
2018-10-23T04:05:04Z: Data for 2018-10-10 added to cited
2018-10-23T04:05:04Z: Add <projects_ecosys_2018-10-10T20:01:10Z.json> to projectsfile as valid
2018-10-23T04:05:04Z: Add <projects_cpan6_2018-10-10T20:01:12Z.json> to projectsfile as valid
2018-10-23T04:05:06Z: Tarjan strongly connected components found:
	cycle: Foo::Dependencies::A-on-B, Foo::Dependencies::B-on-A
2018-10-23T04:05:20Z: Data for 2018-10-12 added to cited
2018-10-23T04:05:20Z: Add <projects_ecosys_2018-10-12T20:01:12Z.json> to projectsfile as valid
2018-10-23T04:05:20Z: Add <projects_cpan6_2018-10-12T20:01:10Z.json> to projectsfile as valid
2018-10-23T04:05:21Z: Tarjan strongly connected components found:
	cycle: Foo::Dependencies::A-on-B, Foo::Dependencies::B-on-A
2018-10-23T04:05:36Z: Data for 2018-10-14 added to cited
2018-10-23T04:05:36Z: Add <projects_ecosys_2018-10-14T20:01:09Z.json> to projectsfile as valid
2018-10-23T04:05:36Z: Add <projects_cpan6_2018-10-14T20:01:11Z.json> to projectsfile as valid
2018-10-23T04:05:37Z: Tarjan strongly connected components found:
	cycle: Foo::Dependencies::A-on-B, Foo::Dependencies::B-on-A
2018-10-23T04:05:51Z: Data for 2018-10-15 added to cited
2018-10-23T04:05:51Z: Add <projects_ecosys_2018-10-15T20:01:12Z.json> to projectsfile as valid
2018-10-23T04:05:51Z: Add <projects_cpan6_2018-10-15T20:01:10Z.json> to projectsfile as valid
2018-10-23T04:05:52Z: Tarjan strongly connected components found:
	cycle: Foo::Dependencies::A-on-B, Foo::Dependencies::B-on-A
2018-10-23T04:06:07Z: Data for 2018-10-16 added to cited
2018-10-23T04:06:07Z: Add <projects_ecosys_2018-10-16T20:01:10Z.json> to projectsfile as valid
2018-10-23T04:06:07Z: Add <projects_cpan6_2018-10-16T20:01:12Z.json> to projectsfile as valid
2018-10-23T04:06:08Z: Tarjan strongly connected components found:
	cycle: Foo::Dependencies::A-on-B, Foo::Dependencies::B-on-A
2018-10-23T04:06:22Z: Data for 2018-10-17 added to cited
2018-10-23T04:06:22Z: Add <projects_ecosys_2018-10-17T20:01:13Z.json> to projectsfile as valid
2018-10-23T04:06:22Z: Add <projects_cpan6_2018-10-17T20:01:11Z.json> to projectsfile as valid
2018-10-23T04:06:23Z: Tarjan strongly connected components found:
	cycle: Foo::Dependencies::A-on-B, Foo::Dependencies::B-on-A
2018-10-23T04:06:38Z: Data for 2018-10-18 added to cited
2018-10-23T04:06:38Z: Add <projects_ecosys_2018-10-18T20:01:10Z.json> to projectsfile as valid
2018-10-23T04:06:38Z: Add <projects_cpan6_2018-10-18T20:01:12Z.json> to projectsfile as valid
2018-10-23T04:06:39Z: Tarjan strongly connected components found:
	cycle: Foo::Dependencies::A-on-B, Foo::Dependencies::B-on-A
2018-10-23T04:06:54Z: Data for 2018-10-19 added to cited
2018-10-23T04:06:54Z: Add <projects_ecosys_2018-10-19T20:01:10Z.json> to projectsfile as valid
2018-10-23T04:06:54Z: Add <projects_cpan6_2018-10-19T20:01:12Z.json> to projectsfile as valid
2018-10-23T04:06:55Z: Tarjan strongly connected components found:
	cycle: Foo::Dependencies::A-on-B, Foo::Dependencies::B-on-A
2018-10-23T04:07:09Z: Data for 2018-10-20 added to cited
2018-10-23T04:07:09Z: Add <projects_ecosys_2018-10-20T20:01:10Z.json> to projectsfile as valid
2018-10-23T04:07:09Z: Add <projects_cpan6_2018-10-20T20:01:12Z.json> to projectsfile as valid
2018-10-23T04:07:11Z: Tarjan strongly connected components found:
	cycle: Foo::Dependencies::A-on-B, Foo::Dependencies::B-on-A
2018-10-23T04:07:25Z: Data for 2018-10-21 added to cited
2018-10-23T04:07:25Z: Add <projects_ecosys_2018-10-21T07:47:49Z.json> to projectsfile as valid
2018-10-23T04:07:25Z: Add <projects_cpan6_2018-10-21T07:47:46Z.json> to projectsfile as valid
2018-10-23T04:07:26Z: Tarjan strongly connected components found:
	cycle: Foo::Dependencies::A-on-B, Foo::Dependencies::B-on-A
2018-10-23T04:07:41Z: Data for 2018-10-22 added to cited
2018-10-23T04:07:41Z: Add <projects_ecosys_2018-10-22T20:01:11Z.json> to projectsfile as valid
2018-10-23T04:07:41Z: Add <projects_cpan6_2018-10-22T20:01:10Z.json> to projectsfile as valid
2018-10-23T04:07:42Z: Tarjan strongly connected components found:
	cycle: Foo::Dependencies::A-on-B, Foo::Dependencies::B-on-A
2018-10-23T04:07:56Z: Data for 2018-10-23 added to cited
2018-10-23T04:07:56Z: Add <projects_ecosys_2018-10-23T04:00:26Z.json> to projectsfile as valid
2018-10-23T04:07:56Z: Add <projects_cpan6_2018-10-23T04:00:26Z.json> to projectsfile as valid
2018-10-23T04:07:57Z: ../git_html/GraphFile_AllModules.csv created.
2018-10-23T04:08:36Z: ../git_html/GraphFile_simple.csv created.
2018-10-23T04:09:14Z: ../git_html/GraphFile_recursive.csv created.
2018-10-23T04:09:19Z: Html index file created.
